<?xml version="1.0" encoding="UTF-8"?>
<OTPrimitivesTestObject local_id="primitive_some_changes" float="62346.234" int="13" />

